0 info it worked if it ends with ok
1 verbose cli [ '/home/kai/.nvm/v0.10.25/bin/node',
1 verbose cli   '/home/kai/.nvm/v0.10.25/bin/npm',
1 verbose cli   'install' ]
2 info using npm@1.3.24
3 info using node@v0.10.25
4 verbose readDependencies using package.json deps
5 verbose install where, deps [ '/home/kai/Documents/Web/small-projects',
5 verbose install   [ 'express', 'googleapis', 'angular-route' ] ]
6 info preinstall small-projects@0.0.1
7 verbose readDependencies using package.json deps
8 verbose cache add [ 'angular-route@*', null ]
9 verbose cache add name=undefined spec="angular-route@*" args=["angular-route@*",null]
10 verbose parsed url { protocol: null,
10 verbose parsed url   slashes: null,
10 verbose parsed url   auth: null,
10 verbose parsed url   host: null,
10 verbose parsed url   port: null,
10 verbose parsed url   hostname: null,
10 verbose parsed url   hash: null,
10 verbose parsed url   search: null,
10 verbose parsed url   query: null,
10 verbose parsed url   pathname: 'angular-route@*',
10 verbose parsed url   path: 'angular-route@*',
10 verbose parsed url   href: 'angular-route@*' }
11 verbose cache add name="angular-route" spec="*" args=["angular-route","*"]
12 verbose parsed url { protocol: null,
12 verbose parsed url   slashes: null,
12 verbose parsed url   auth: null,
12 verbose parsed url   host: null,
12 verbose parsed url   port: null,
12 verbose parsed url   hostname: null,
12 verbose parsed url   hash: null,
12 verbose parsed url   search: null,
12 verbose parsed url   query: null,
12 verbose parsed url   pathname: '*',
12 verbose parsed url   path: '*',
12 verbose parsed url   href: '*' }
13 verbose addNamed [ 'angular-route', '*' ]
14 verbose addNamed [ null, '*' ]
15 verbose already installed skipping express@3.4.8 /home/kai/Documents/Web/small-projects
16 verbose already installed skipping googleapis@* /home/kai/Documents/Web/small-projects
17 silly lockFile ddda7706-angular-route angular-route@*
18 verbose lock angular-route@* /home/kai/.npm/ddda7706-angular-route.lock
19 silly addNameRange { name: 'angular-route', range: '*', hasData: false }
20 verbose url raw angular-route
21 verbose url resolving [ 'https://registry.npmjs.org/', './angular-route' ]
22 verbose url resolved https://registry.npmjs.org/angular-route
23 info trying registry request attempt 1 at 23:07:15
24 http GET https://registry.npmjs.org/angular-route
25 http 404 https://registry.npmjs.org/angular-route
26 silly registry.get cb [ 404,
26 silly registry.get   { date: 'Wed, 16 Apr 2014 01:08:39 GMT',
26 silly registry.get     server: 'CouchDB/1.6.0+build.fauxton-91-g5a2864b (Erlang OTP/R14B04)',
26 silly registry.get     'content-type': 'application/json',
26 silly registry.get     via: '1.1 varnish',
26 silly registry.get     'cache-control': 'max-age=0',
26 silly registry.get     'content-length': '52',
26 silly registry.get     'accept-ranges': 'bytes',
26 silly registry.get     age: '0',
26 silly registry.get     'x-served-by': 'cache-v43-ASH, cache-jfk1027-JFK',
26 silly registry.get     'x-cache': 'MISS, MISS',
26 silly registry.get     'x-cache-hits': '0, 0',
26 silly registry.get     'x-timer': 'S1397610519.709954262,VS0,VS3,VE95,VE98',
26 silly registry.get     'keep-alive': 'timeout=10, max=50',
26 silly registry.get     connection: 'Keep-Alive' } ]
27 silly lockFile ddda7706-angular-route angular-route@*
28 silly lockFile ddda7706-angular-route angular-route@*
29 error 404 'angular-route' is not in the npm registry.
29 error 404 You should bug the author to publish it
29 error 404 It was specified as a dependency of 'small-projects'
29 error 404
29 error 404 Note that you can also install from a
29 error 404 tarball, folder, or http url, or git url.
30 error System Linux 3.8.0-38-generic
31 error command "/home/kai/.nvm/v0.10.25/bin/node" "/home/kai/.nvm/v0.10.25/bin/npm" "install"
32 error cwd /home/kai/Documents/Web/small-projects
33 error node -v v0.10.25
34 error npm -v 1.3.24
35 error code E404
36 verbose exit [ 1, true ]
